2026-04-14 00:23:52 [HikariPool-1:housekeeper] WARN  com.zaxxer.hikari.pool.HikariPool - HikariPool-1 - Thread starvation or clock leap detected (housekeeper delta=1h23m39s833ms).
2026-04-14 01:03:27 [HikariPool-1:housekeeper] WARN  com.zaxxer.hikari.pool.HikariPool - HikariPool-1 - Thread starvation or clock leap detected (housekeeper delta=39m34s460ms).
2026-04-14 01:03:28 [scheduling-1] INFO  c.guvi.scheduler.CampaignScheduler - [SCHEDULER] Tick at 2026-04-14 01:03:28 — checking for due campaigns...
2026-04-14 02:20:41 [HikariPool-1:housekeeper] WARN  com.zaxxer.hikari.pool.HikariPool - HikariPool-1 - Thread starvation or clock leap detected (housekeeper delta=1h17m14s241ms).
2026-04-14 04:03:17 [HikariPool-1:housekeeper] WARN  com.zaxxer.hikari.pool.HikariPool - HikariPool-1 - Thread starvation or clock leap detected (housekeeper delta=1h42m36s383ms).
2026-04-14 04:03:19 [scheduling-1] INFO  c.guvi.scheduler.CampaignScheduler - [SCHEDULER] Tick at 2026-04-14 04:03:19 — checking for due campaigns...
2026-04-14 05:15:55 [HikariPool-1:housekeeper] WARN  com.zaxxer.hikari.pool.HikariPool - HikariPool-1 - Thread starvation or clock leap detected (housekeeper delta=1h12m38s30ms).
2026-04-14 06:42:51 [HikariPool-1:housekeeper] WARN  com.zaxxer.hikari.pool.HikariPool - HikariPool-1 - Thread starvation or clock leap detected (housekeeper delta=1h26m55s894ms).
2026-04-14 06:42:53 [scheduling-1] INFO  c.guvi.scheduler.CampaignScheduler - [SCHEDULER] Tick at 2026-04-14 06:42:53 — checking for due campaigns...
2026-04-14 06:58:50 [HikariPool-1:housekeeper] WARN  com.zaxxer.hikari.pool.HikariPool - HikariPool-1 - Thread starvation or clock leap detected (housekeeper delta=15m58s342ms).
2026-04-14 07:32:08 [HikariPool-1:housekeeper] WARN  com.zaxxer.hikari.pool.HikariPool - HikariPool-1 - Thread starvation or clock leap detected (housekeeper delta=33m18s491ms).
2026-04-14 07:32:09 [scheduling-1] INFO  c.guvi.scheduler.CampaignScheduler - [SCHEDULER] Tick at 2026-04-14 07:32:09 — checking for due campaigns...
2026-04-14 08:44:58 [HikariPool-1:housekeeper] WARN  com.zaxxer.hikari.pool.HikariPool - HikariPool-1 - Thread starvation or clock leap detected (housekeeper delta=1h12m49s728ms).
2026-04-14 09:38:50 [HikariPool-1:housekeeper] WARN  com.zaxxer.hikari.pool.HikariPool - HikariPool-1 - Thread starvation or clock leap detected (housekeeper delta=53m52s258ms).
2026-04-14 09:38:51 [scheduling-1] INFO  c.guvi.scheduler.CampaignScheduler - [SCHEDULER] Tick at 2026-04-14 09:38:51 — checking for due campaigns...
2026-04-14 09:45:54 [HikariPool-1:housekeeper] WARN  com.zaxxer.hikari.pool.HikariPool - HikariPool-1 - Thread starvation or clock leap detected (housekeeper delta=7m4s320ms).
2026-04-14 10:47:02 [HikariPool-1:housekeeper] WARN  com.zaxxer.hikari.pool.HikariPool - HikariPool-1 - Thread starvation or clock leap detected (housekeeper delta=1h1m7s612ms).
2026-04-14 10:47:03 [scheduling-1] INFO  c.guvi.scheduler.CampaignScheduler - [SCHEDULER] Tick at 2026-04-14 10:47:03 — checking for due campaigns...
2026-04-14 11:17:07 [HikariPool-1:housekeeper] WARN  com.zaxxer.hikari.pool.HikariPool - HikariPool-1 - Thread starvation or clock leap detected (housekeeper delta=30m4s775ms).
2026-04-14 11:17:38 [scheduling-1] INFO  c.guvi.scheduler.CampaignScheduler - [SCHEDULER] Tick at 2026-04-14 11:17:38 — checking for due campaigns...
2026-04-14 11:18:38 [scheduling-1] INFO  c.guvi.scheduler.CampaignScheduler - [SCHEDULER] Tick at 2026-04-14 11:18:38 — checking for due campaigns...
2026-04-14 11:27:09 [HikariPool-1:housekeeper] WARN  com.zaxxer.hikari.pool.HikariPool - HikariPool-1 - Thread starvation or clock leap detected (housekeeper delta=8m32s172ms).
2026-04-14 11:27:40 [scheduling-1] INFO  c.guvi.scheduler.CampaignScheduler - [SCHEDULER] Tick at 2026-04-14 11:27:40 — checking for due campaigns...
2026-04-14 11:28:40 [scheduling-1] INFO  c.guvi.scheduler.CampaignScheduler - [SCHEDULER] Tick at 2026-04-14 11:28:40 — checking for due campaigns...
2026-04-14 11:29:40 [scheduling-1] INFO  c.guvi.scheduler.CampaignScheduler - [SCHEDULER] Tick at 2026-04-14 11:29:40 — checking for due campaigns...
2026-04-14 11:30:40 [scheduling-1] INFO  c.guvi.scheduler.CampaignScheduler - [SCHEDULER] Tick at 2026-04-14 11:30:40 — checking for due campaigns...
2026-04-14 11:31:40 [scheduling-1] INFO  c.guvi.scheduler.CampaignScheduler - [SCHEDULER] Tick at 2026-04-14 11:31:40 — checking for due campaigns...
2026-04-14 11:32:41 [scheduling-1] INFO  c.guvi.scheduler.CampaignScheduler - [SCHEDULER] Tick at 2026-04-14 11:32:41 — checking for due campaigns...
2026-04-14 11:33:41 [scheduling-1] INFO  c.guvi.scheduler.CampaignScheduler - [SCHEDULER] Tick at 2026-04-14 11:33:41 — checking for due campaigns...
2026-04-14 11:51:37 [HikariPool-1:housekeeper] WARN  com.zaxxer.hikari.pool.HikariPool - HikariPool-1 - Thread starvation or clock leap detected (housekeeper delta=17m57s800ms).
2026-04-14 11:52:08 [scheduling-1] INFO  c.guvi.scheduler.CampaignScheduler - [SCHEDULER] Tick at 2026-04-14 11:52:08 — checking for due campaigns...
2026-04-14 11:53:08 [scheduling-1] INFO  c.guvi.scheduler.CampaignScheduler - [SCHEDULER] Tick at 2026-04-14 11:53:08 — checking for due campaigns...
2026-04-14 11:54:08 [scheduling-1] INFO  c.guvi.scheduler.CampaignScheduler - [SCHEDULER] Tick at 2026-04-14 11:54:08 — checking for due campaigns...
2026-04-14 11:55:08 [scheduling-1] INFO  c.guvi.scheduler.CampaignScheduler - [SCHEDULER] Tick at 2026-04-14 11:55:08 — checking for due campaigns...
2026-04-14 11:56:09 [scheduling-1] INFO  c.guvi.scheduler.CampaignScheduler - [SCHEDULER] Tick at 2026-04-14 11:56:09 — checking for due campaigns...
2026-04-14 11:57:09 [scheduling-1] INFO  c.guvi.scheduler.CampaignScheduler - [SCHEDULER] Tick at 2026-04-14 11:57:09 — checking for due campaigns...
2026-04-14 12:05:14 [HikariPool-1:housekeeper] WARN  com.zaxxer.hikari.pool.HikariPool - HikariPool-1 - Thread starvation or clock leap detected (housekeeper delta=7m36s743ms).
2026-04-14 12:05:15 [scheduling-1] INFO  c.guvi.scheduler.CampaignScheduler - [SCHEDULER] Tick at 2026-04-14 12:05:15 — checking for due campaigns...
2026-04-14 12:06:15 [scheduling-1] INFO  c.guvi.scheduler.CampaignScheduler - [SCHEDULER] Tick at 2026-04-14 12:06:15 — checking for due campaigns...
2026-04-14 12:07:15 [scheduling-1] INFO  c.guvi.scheduler.CampaignScheduler - [SCHEDULER] Tick at 2026-04-14 12:07:15 — checking for due campaigns...
2026-04-14 12:08:15 [scheduling-1] INFO  c.guvi.scheduler.CampaignScheduler - [SCHEDULER] Tick at 2026-04-14 12:08:15 — checking for due campaigns...
2026-04-14 12:09:15 [scheduling-1] INFO  c.guvi.scheduler.CampaignScheduler - [SCHEDULER] Tick at 2026-04-14 12:09:15 — checking for due campaigns...
2026-04-14 12:10:15 [scheduling-1] INFO  c.guvi.scheduler.CampaignScheduler - [SCHEDULER] Tick at 2026-04-14 12:10:15 — checking for due campaigns...
2026-04-14 12:11:15 [scheduling-1] INFO  c.guvi.scheduler.CampaignScheduler - [SCHEDULER] Tick at 2026-04-14 12:11:15 — checking for due campaigns...
2026-04-14 12:12:15 [scheduling-1] INFO  c.guvi.scheduler.CampaignScheduler - [SCHEDULER] Tick at 2026-04-14 12:12:15 — checking for due campaigns...
2026-04-14 12:13:15 [scheduling-1] INFO  c.guvi.scheduler.CampaignScheduler - [SCHEDULER] Tick at 2026-04-14 12:13:15 — checking for due campaigns...
2026-04-14 12:14:15 [scheduling-1] INFO  c.guvi.scheduler.CampaignScheduler - [SCHEDULER] Tick at 2026-04-14 12:14:15 — checking for due campaigns...
2026-04-14 12:15:16 [scheduling-1] INFO  c.guvi.scheduler.CampaignScheduler - [SCHEDULER] Tick at 2026-04-14 12:15:16 — checking for due campaigns...
2026-04-14 12:17:07 [HikariPool-1:housekeeper] WARN  com.zaxxer.hikari.pool.HikariPool - HikariPool-1 - Thread starvation or clock leap detected (housekeeper delta=1m23s319ms).
2026-04-14 12:17:09 [scheduling-1] INFO  c.guvi.scheduler.CampaignScheduler - [SCHEDULER] Tick at 2026-04-14 12:17:09 — checking for due campaigns...
2026-04-14 12:18:09 [scheduling-1] INFO  c.guvi.scheduler.CampaignScheduler - [SCHEDULER] Tick at 2026-04-14 12:18:09 — checking for due campaigns...
2026-04-14 12:19:09 [scheduling-1] INFO  c.guvi.scheduler.CampaignScheduler - [SCHEDULER] Tick at 2026-04-14 12:19:09 — checking for due campaigns...
2026-04-14 12:20:09 [scheduling-1] INFO  c.guvi.scheduler.CampaignScheduler - [SCHEDULER] Tick at 2026-04-14 12:20:09 — checking for due campaigns...
2026-04-14 12:21:09 [scheduling-1] INFO  c.guvi.scheduler.CampaignScheduler - [SCHEDULER] Tick at 2026-04-14 12:21:09 — checking for due campaigns...
2026-04-14 12:22:09 [scheduling-1] INFO  c.guvi.scheduler.CampaignScheduler - [SCHEDULER] Tick at 2026-04-14 12:22:09 — checking for due campaigns...
2026-04-14 12:23:09 [scheduling-1] INFO  c.guvi.scheduler.CampaignScheduler - [SCHEDULER] Tick at 2026-04-14 12:23:09 — checking for due campaigns...
2026-04-14 12:24:09 [scheduling-1] INFO  c.guvi.scheduler.CampaignScheduler - [SCHEDULER] Tick at 2026-04-14 12:24:09 — checking for due campaigns...
2026-04-14 12:25:09 [scheduling-1] INFO  c.guvi.scheduler.CampaignScheduler - [SCHEDULER] Tick at 2026-04-14 12:25:09 — checking for due campaigns...
2026-04-14 12:26:09 [scheduling-1] INFO  c.guvi.scheduler.CampaignScheduler - [SCHEDULER] Tick at 2026-04-14 12:26:09 — checking for due campaigns...
2026-04-14 12:27:09 [scheduling-1] INFO  c.guvi.scheduler.CampaignScheduler - [SCHEDULER] Tick at 2026-04-14 12:27:09 — checking for due campaigns...
2026-04-14 12:28:09 [scheduling-1] INFO  c.guvi.scheduler.CampaignScheduler - [SCHEDULER] Tick at 2026-04-14 12:28:09 — checking for due campaigns...
2026-04-14 12:29:09 [scheduling-1] INFO  c.guvi.scheduler.CampaignScheduler - [SCHEDULER] Tick at 2026-04-14 12:29:09 — checking for due campaigns...
2026-04-14 12:30:09 [scheduling-1] INFO  c.guvi.scheduler.CampaignScheduler - [SCHEDULER] Tick at 2026-04-14 12:30:09 — checking for due campaigns...
2026-04-14 12:31:09 [scheduling-1] INFO  c.guvi.scheduler.CampaignScheduler - [SCHEDULER] Tick at 2026-04-14 12:31:09 — checking for due campaigns...
2026-04-14 12:32:09 [scheduling-1] INFO  c.guvi.scheduler.CampaignScheduler - [SCHEDULER] Tick at 2026-04-14 12:32:09 — checking for due campaigns...
2026-04-14 12:35:13 [HikariPool-1:housekeeper] WARN  com.zaxxer.hikari.pool.HikariPool - HikariPool-1 - Thread starvation or clock leap detected (housekeeper delta=2m35s349ms).
2026-04-14 12:35:15 [scheduling-1] INFO  c.guvi.scheduler.CampaignScheduler - [SCHEDULER] Tick at 2026-04-14 12:35:15 — checking for due campaigns...
2026-04-14 12:36:15 [scheduling-1] INFO  c.guvi.scheduler.CampaignScheduler - [SCHEDULER] Tick at 2026-04-14 12:36:15 — checking for due campaigns...
2026-04-14 12:37:15 [scheduling-1] INFO  c.guvi.scheduler.CampaignScheduler - [SCHEDULER] Tick at 2026-04-14 12:37:15 — checking for due campaigns...
2026-04-14 12:38:15 [scheduling-1] INFO  c.guvi.scheduler.CampaignScheduler - [SCHEDULER] Tick at 2026-04-14 12:38:15 — checking for due campaigns...
2026-04-14 12:39:15 [scheduling-1] INFO  c.guvi.scheduler.CampaignScheduler - [SCHEDULER] Tick at 2026-04-14 12:39:15 — checking for due campaigns...
2026-04-14 12:40:15 [scheduling-1] INFO  c.guvi.scheduler.CampaignScheduler - [SCHEDULER] Tick at 2026-04-14 12:40:15 — checking for due campaigns...
2026-04-14 12:41:15 [scheduling-1] INFO  c.guvi.scheduler.CampaignScheduler - [SCHEDULER] Tick at 2026-04-14 12:41:15 — checking for due campaigns...
2026-04-14 12:42:15 [scheduling-1] INFO  c.guvi.scheduler.CampaignScheduler - [SCHEDULER] Tick at 2026-04-14 12:42:15 — checking for due campaigns...
2026-04-14 12:43:15 [scheduling-1] INFO  c.guvi.scheduler.CampaignScheduler - [SCHEDULER] Tick at 2026-04-14 12:43:15 — checking for due campaigns...
2026-04-14 12:44:15 [scheduling-1] INFO  c.guvi.scheduler.CampaignScheduler - [SCHEDULER] Tick at 2026-04-14 12:44:15 — checking for due campaigns...
2026-04-14 12:45:15 [scheduling-1] INFO  c.guvi.scheduler.CampaignScheduler - [SCHEDULER] Tick at 2026-04-14 12:45:15 — checking for due campaigns...
2026-04-14 12:46:15 [scheduling-1] INFO  c.guvi.scheduler.CampaignScheduler - [SCHEDULER] Tick at 2026-04-14 12:46:15 — checking for due campaigns...
2026-04-14 12:47:15 [scheduling-1] INFO  c.guvi.scheduler.CampaignScheduler - [SCHEDULER] Tick at 2026-04-14 12:47:15 — checking for due campaigns...
2026-04-14 12:54:25 [HikariPool-1:housekeeper] WARN  com.zaxxer.hikari.pool.HikariPool - HikariPool-1 - Thread starvation or clock leap detected (housekeeper delta=6m42s289ms).
2026-04-14 12:54:27 [scheduling-1] INFO  c.guvi.scheduler.CampaignScheduler - [SCHEDULER] Tick at 2026-04-14 12:54:27 — checking for due campaigns...
2026-04-14 12:55:27 [scheduling-1] INFO  c.guvi.scheduler.CampaignScheduler - [SCHEDULER] Tick at 2026-04-14 12:55:27 — checking for due campaigns...
2026-04-14 12:56:28 [scheduling-1] INFO  c.guvi.scheduler.CampaignScheduler - [SCHEDULER] Tick at 2026-04-14 12:56:28 — checking for due campaigns...
2026-04-14 12:57:28 [scheduling-1] INFO  c.guvi.scheduler.CampaignScheduler - [SCHEDULER] Tick at 2026-04-14 12:57:28 — checking for due campaigns...
2026-04-14 12:58:28 [scheduling-1] INFO  c.guvi.scheduler.CampaignScheduler - [SCHEDULER] Tick at 2026-04-14 12:58:28 — checking for due campaigns...
2026-04-14 12:59:28 [scheduling-1] INFO  c.guvi.scheduler.CampaignScheduler - [SCHEDULER] Tick at 2026-04-14 12:59:28 — checking for due campaigns...
2026-04-14 13:00:28 [scheduling-1] INFO  c.guvi.scheduler.CampaignScheduler - [SCHEDULER] Tick at 2026-04-14 13:00:28 — checking for due campaigns...
2026-04-14 13:01:28 [scheduling-1] INFO  c.guvi.scheduler.CampaignScheduler - [SCHEDULER] Tick at 2026-04-14 13:01:28 — checking for due campaigns...
2026-04-14 13:02:28 [scheduling-1] INFO  c.guvi.scheduler.CampaignScheduler - [SCHEDULER] Tick at 2026-04-14 13:02:28 — checking for due campaigns...
2026-04-14 13:03:28 [scheduling-1] INFO  c.guvi.scheduler.CampaignScheduler - [SCHEDULER] Tick at 2026-04-14 13:03:28 — checking for due campaigns...
2026-04-14 13:04:28 [scheduling-1] INFO  c.guvi.scheduler.CampaignScheduler - [SCHEDULER] Tick at 2026-04-14 13:04:28 — checking for due campaigns...
2026-04-14 13:05:28 [scheduling-1] INFO  c.guvi.scheduler.CampaignScheduler - [SCHEDULER] Tick at 2026-04-14 13:05:28 — checking for due campaigns...
2026-04-14 13:06:28 [scheduling-1] INFO  c.guvi.scheduler.CampaignScheduler - [SCHEDULER] Tick at 2026-04-14 13:06:28 — checking for due campaigns...
2026-04-14 13:07:28 [scheduling-1] INFO  c.guvi.scheduler.CampaignScheduler - [SCHEDULER] Tick at 2026-04-14 13:07:28 — checking for due campaigns...
2026-04-14 13:08:28 [scheduling-1] INFO  c.guvi.scheduler.CampaignScheduler - [SCHEDULER] Tick at 2026-04-14 13:08:28 — checking for due campaigns...
2026-04-14 13:09:28 [scheduling-1] INFO  c.guvi.scheduler.CampaignScheduler - [SCHEDULER] Tick at 2026-04-14 13:09:28 — checking for due campaigns...
2026-04-14 13:10:45 [HikariPool-1:housekeeper] WARN  com.zaxxer.hikari.pool.HikariPool - HikariPool-1 - Thread starvation or clock leap detected (housekeeper delta=49s561ms).
2026-04-14 13:10:47 [scheduling-1] INFO  c.guvi.scheduler.CampaignScheduler - [SCHEDULER] Tick at 2026-04-14 13:10:47 — checking for due campaigns...
2026-04-14 13:11:48 [scheduling-1] INFO  c.guvi.scheduler.CampaignScheduler - [SCHEDULER] Tick at 2026-04-14 13:11:48 — checking for due campaigns...
2026-04-14 13:12:48 [scheduling-1] INFO  c.guvi.scheduler.CampaignScheduler - [SCHEDULER] Tick at 2026-04-14 13:12:48 — checking for due campaigns...
2026-04-14 13:13:48 [scheduling-1] INFO  c.guvi.scheduler.CampaignScheduler - [SCHEDULER] Tick at 2026-04-14 13:13:48 — checking for due campaigns...
2026-04-14 13:14:48 [scheduling-1] INFO  c.guvi.scheduler.CampaignScheduler - [SCHEDULER] Tick at 2026-04-14 13:14:48 — checking for due campaigns...
2026-04-14 13:15:48 [scheduling-1] INFO  c.guvi.scheduler.CampaignScheduler - [SCHEDULER] Tick at 2026-04-14 13:15:48 — checking for due campaigns...
2026-04-14 13:52:28 [HikariPool-1:housekeeper] WARN  com.zaxxer.hikari.pool.HikariPool - HikariPool-1 - Thread starvation or clock leap detected (housekeeper delta=36m12s790ms).
2026-04-14 14:08:24 [scheduling-1] INFO  c.guvi.scheduler.CampaignScheduler - [SCHEDULER] Tick at 2026-04-14 14:08:24 — checking for due campaigns...
2026-04-14 14:29:59 [HikariPool-1:housekeeper] WARN  com.zaxxer.hikari.pool.HikariPool - HikariPool-1 - Thread starvation or clock leap detected (housekeeper delta=37m31s43ms).
2026-04-14 14:30:31 [scheduling-1] INFO  c.guvi.scheduler.CampaignScheduler - [SCHEDULER] Tick at 2026-04-14 14:30:31 — checking for due campaigns...
2026-04-14 14:31:32 [scheduling-1] INFO  c.guvi.scheduler.CampaignScheduler - [SCHEDULER] Tick at 2026-04-14 14:31:32 — checking for due campaigns...
2026-04-14 14:32:32 [scheduling-1] INFO  c.guvi.scheduler.CampaignScheduler - [SCHEDULER] Tick at 2026-04-14 14:32:32 — checking for due campaigns...
2026-04-14 14:33:32 [scheduling-1] INFO  c.guvi.scheduler.CampaignScheduler - [SCHEDULER] Tick at 2026-04-14 14:33:32 — checking for due campaigns...
2026-04-14 14:34:32 [scheduling-1] INFO  c.guvi.scheduler.CampaignScheduler - [SCHEDULER] Tick at 2026-04-14 14:34:32 — checking for due campaigns...
2026-04-14 14:35:32 [scheduling-1] INFO  c.guvi.scheduler.CampaignScheduler - [SCHEDULER] Tick at 2026-04-14 14:35:32 — checking for due campaigns...
2026-04-14 14:36:32 [scheduling-1] INFO  c.guvi.scheduler.CampaignScheduler - [SCHEDULER] Tick at 2026-04-14 14:36:32 — checking for due campaigns...
2026-04-14 14:52:29 [HikariPool-1:housekeeper] WARN  com.zaxxer.hikari.pool.HikariPool - HikariPool-1 - Thread starvation or clock leap detected (housekeeper delta=15m30s342ms).
2026-04-14 14:52:32 [scheduling-1] INFO  c.guvi.scheduler.CampaignScheduler - [SCHEDULER] Tick at 2026-04-14 14:52:32 — checking for due campaigns...
2026-04-14 14:53:32 [scheduling-1] INFO  c.guvi.scheduler.CampaignScheduler - [SCHEDULER] Tick at 2026-04-14 14:53:32 — checking for due campaigns...
2026-04-14 14:54:32 [scheduling-1] INFO  c.guvi.scheduler.CampaignScheduler - [SCHEDULER] Tick at 2026-04-14 14:54:32 — checking for due campaigns...
2026-04-14 14:55:32 [scheduling-1] INFO  c.guvi.scheduler.CampaignScheduler - [SCHEDULER] Tick at 2026-04-14 14:55:32 — checking for due campaigns...
2026-04-14 14:56:32 [scheduling-1] INFO  c.guvi.scheduler.CampaignScheduler - [SCHEDULER] Tick at 2026-04-14 14:56:32 — checking for due campaigns...
2026-04-14 14:57:32 [scheduling-1] INFO  c.guvi.scheduler.CampaignScheduler - [SCHEDULER] Tick at 2026-04-14 14:57:32 — checking for due campaigns...
2026-04-14 15:04:11 [HikariPool-1:housekeeper] WARN  com.zaxxer.hikari.pool.HikariPool - HikariPool-1 - Thread starvation or clock leap detected (housekeeper delta=6m12s14ms).
2026-04-14 15:04:14 [scheduling-1] INFO  c.guvi.scheduler.CampaignScheduler - [SCHEDULER] Tick at 2026-04-14 15:04:14 — checking for due campaigns...
2026-04-14 15:05:14 [scheduling-1] INFO  c.guvi.scheduler.CampaignScheduler - [SCHEDULER] Tick at 2026-04-14 15:05:14 — checking for due campaigns...
2026-04-14 15:06:14 [scheduling-1] INFO  c.guvi.scheduler.CampaignScheduler - [SCHEDULER] Tick at 2026-04-14 15:06:14 — checking for due campaigns...
2026-04-14 15:18:33 [HikariPool-1:housekeeper] WARN  com.zaxxer.hikari.pool.HikariPool - HikariPool-1 - Thread starvation or clock leap detected (housekeeper delta=12m21s792ms).
2026-04-14 15:19:06 [scheduling-1] INFO  c.guvi.scheduler.CampaignScheduler - [SCHEDULER] Tick at 2026-04-14 15:19:06 — checking for due campaigns...
2026-04-14 15:20:06 [scheduling-1] INFO  c.guvi.scheduler.CampaignScheduler - [SCHEDULER] Tick at 2026-04-14 15:20:06 — checking for due campaigns...
2026-04-14 15:21:06 [scheduling-1] INFO  c.guvi.scheduler.CampaignScheduler - [SCHEDULER] Tick at 2026-04-14 15:21:06 — checking for due campaigns...
2026-04-14 15:38:49 [HikariPool-1:housekeeper] WARN  com.zaxxer.hikari.pool.HikariPool - HikariPool-1 - Thread starvation or clock leap detected (housekeeper delta=17m46s440ms).
2026-04-14 15:39:23 [scheduling-1] INFO  c.guvi.scheduler.CampaignScheduler - [SCHEDULER] Tick at 2026-04-14 15:39:23 — checking for due campaigns...
2026-04-14 15:40:23 [scheduling-1] INFO  c.guvi.scheduler.CampaignScheduler - [SCHEDULER] Tick at 2026-04-14 15:40:23 — checking for due campaigns...
2026-04-14 15:41:23 [scheduling-1] INFO  c.guvi.scheduler.CampaignScheduler - [SCHEDULER] Tick at 2026-04-14 15:41:23 — checking for due campaigns...
2026-04-14 15:42:23 [scheduling-1] INFO  c.guvi.scheduler.CampaignScheduler - [SCHEDULER] Tick at 2026-04-14 15:42:23 — checking for due campaigns...
2026-04-14 15:43:23 [scheduling-1] INFO  c.guvi.scheduler.CampaignScheduler - [SCHEDULER] Tick at 2026-04-14 15:43:23 — checking for due campaigns...
2026-04-14 15:44:23 [scheduling-1] INFO  c.guvi.scheduler.CampaignScheduler - [SCHEDULER] Tick at 2026-04-14 15:44:23 — checking for due campaigns...
2026-04-14 15:45:23 [scheduling-1] INFO  c.guvi.scheduler.CampaignScheduler - [SCHEDULER] Tick at 2026-04-14 15:45:23 — checking for due campaigns...
2026-04-14 15:46:23 [scheduling-1] INFO  c.guvi.scheduler.CampaignScheduler - [SCHEDULER] Tick at 2026-04-14 15:46:23 — checking for due campaigns...
2026-04-14 15:47:23 [scheduling-1] INFO  c.guvi.scheduler.CampaignScheduler - [SCHEDULER] Tick at 2026-04-14 15:47:23 — checking for due campaigns...
2026-04-14 15:48:23 [scheduling-1] INFO  c.guvi.scheduler.CampaignScheduler - [SCHEDULER] Tick at 2026-04-14 15:48:23 — checking for due campaigns...
2026-04-14 15:49:23 [scheduling-1] INFO  c.guvi.scheduler.CampaignScheduler - [SCHEDULER] Tick at 2026-04-14 15:49:23 — checking for due campaigns...
2026-04-14 15:50:23 [scheduling-1] INFO  c.guvi.scheduler.CampaignScheduler - [SCHEDULER] Tick at 2026-04-14 15:50:23 — checking for due campaigns...
2026-04-14 15:51:23 [scheduling-1] INFO  c.guvi.scheduler.CampaignScheduler - [SCHEDULER] Tick at 2026-04-14 15:51:23 — checking for due campaigns...
2026-04-14 15:52:23 [scheduling-1] INFO  c.guvi.scheduler.CampaignScheduler - [SCHEDULER] Tick at 2026-04-14 15:52:23 — checking for due campaigns...
2026-04-14 15:53:23 [scheduling-1] INFO  c.guvi.scheduler.CampaignScheduler - [SCHEDULER] Tick at 2026-04-14 15:53:23 — checking for due campaigns...
2026-04-14 15:54:23 [scheduling-1] INFO  c.guvi.scheduler.CampaignScheduler - [SCHEDULER] Tick at 2026-04-14 15:54:23 — checking for due campaigns...
2026-04-14 15:55:23 [scheduling-1] INFO  c.guvi.scheduler.CampaignScheduler - [SCHEDULER] Tick at 2026-04-14 15:55:23 — checking for due campaigns...
2026-04-14 15:56:23 [scheduling-1] INFO  c.guvi.scheduler.CampaignScheduler - [SCHEDULER] Tick at 2026-04-14 15:56:23 — checking for due campaigns...
2026-04-14 16:44:58 [HikariPool-1:housekeeper] WARN  com.zaxxer.hikari.pool.HikariPool - HikariPool-1 - Thread starvation or clock leap detected (housekeeper delta=48m38s261ms).
2026-04-14 16:45:31 [scheduling-1] INFO  c.guvi.scheduler.CampaignScheduler - [SCHEDULER] Tick at 2026-04-14 16:45:31 — checking for due campaigns...
2026-04-14 17:00:25 [HikariPool-1:housekeeper] WARN  com.zaxxer.hikari.pool.HikariPool - HikariPool-1 - Thread starvation or clock leap detected (housekeeper delta=14m57s24ms).
2026-04-14 17:00:58 [scheduling-1] INFO  c.guvi.scheduler.CampaignScheduler - [SCHEDULER] Tick at 2026-04-14 17:00:58 — checking for due campaigns...
2026-04-14 17:16:24 [HikariPool-1:housekeeper] WARN  com.zaxxer.hikari.pool.HikariPool - HikariPool-1 - Thread starvation or clock leap detected (housekeeper delta=15m28s915ms).
2026-04-14 17:16:57 [scheduling-1] INFO  c.guvi.scheduler.CampaignScheduler - [SCHEDULER] Tick at 2026-04-14 17:16:57 — checking for due campaigns...
2026-04-14 17:17:57 [scheduling-1] INFO  c.guvi.scheduler.CampaignScheduler - [SCHEDULER] Tick at 2026-04-14 17:17:57 — checking for due campaigns...
2026-04-14 17:18:57 [scheduling-1] INFO  c.guvi.scheduler.CampaignScheduler - [SCHEDULER] Tick at 2026-04-14 17:18:57 — checking for due campaigns...
2026-04-14 17:19:58 [scheduling-1] INFO  c.guvi.scheduler.CampaignScheduler - [SCHEDULER] Tick at 2026-04-14 17:19:58 — checking for due campaigns...
2026-04-14 17:20:58 [scheduling-1] INFO  c.guvi.scheduler.CampaignScheduler - [SCHEDULER] Tick at 2026-04-14 17:20:58 — checking for due campaigns...
2026-04-14 17:21:58 [scheduling-1] INFO  c.guvi.scheduler.CampaignScheduler - [SCHEDULER] Tick at 2026-04-14 17:21:58 — checking for due campaigns...
2026-04-14 17:22:58 [scheduling-1] INFO  c.guvi.scheduler.CampaignScheduler - [SCHEDULER] Tick at 2026-04-14 17:22:58 — checking for due campaigns...
2026-04-14 17:23:58 [scheduling-1] INFO  c.guvi.scheduler.CampaignScheduler - [SCHEDULER] Tick at 2026-04-14 17:23:58 — checking for due campaigns...
2026-04-14 17:24:58 [scheduling-1] INFO  c.guvi.scheduler.CampaignScheduler - [SCHEDULER] Tick at 2026-04-14 17:24:58 — checking for due campaigns...
2026-04-14 17:25:58 [scheduling-1] INFO  c.guvi.scheduler.CampaignScheduler - [SCHEDULER] Tick at 2026-04-14 17:25:58 — checking for due campaigns...
2026-04-14 17:26:58 [scheduling-1] INFO  c.guvi.scheduler.CampaignScheduler - [SCHEDULER] Tick at 2026-04-14 17:26:58 — checking for due campaigns...
2026-04-14 17:27:58 [scheduling-1] INFO  c.guvi.scheduler.CampaignScheduler - [SCHEDULER] Tick at 2026-04-14 17:27:58 — checking for due campaigns...
2026-04-14 17:28:58 [scheduling-1] INFO  c.guvi.scheduler.CampaignScheduler - [SCHEDULER] Tick at 2026-04-14 17:28:58 — checking for due campaigns...
2026-04-14 17:29:58 [scheduling-1] INFO  c.guvi.scheduler.CampaignScheduler - [SCHEDULER] Tick at 2026-04-14 17:29:58 — checking for due campaigns...
2026-04-14 17:30:58 [scheduling-1] INFO  c.guvi.scheduler.CampaignScheduler - [SCHEDULER] Tick at 2026-04-14 17:30:58 — checking for due campaigns...
2026-04-14 17:31:58 [scheduling-1] INFO  c.guvi.scheduler.CampaignScheduler - [SCHEDULER] Tick at 2026-04-14 17:31:58 — checking for due campaigns...
2026-04-14 17:32:58 [scheduling-1] INFO  c.guvi.scheduler.CampaignScheduler - [SCHEDULER] Tick at 2026-04-14 17:32:58 — checking for due campaigns...
2026-04-14 17:33:58 [scheduling-1] INFO  c.guvi.scheduler.CampaignScheduler - [SCHEDULER] Tick at 2026-04-14 17:33:58 — checking for due campaigns...
2026-04-14 17:34:58 [scheduling-1] INFO  c.guvi.scheduler.CampaignScheduler - [SCHEDULER] Tick at 2026-04-14 17:34:58 — checking for due campaigns...
2026-04-14 17:35:58 [scheduling-1] INFO  c.guvi.scheduler.CampaignScheduler - [SCHEDULER] Tick at 2026-04-14 17:35:58 — checking for due campaigns...
2026-04-14 17:36:58 [scheduling-1] INFO  c.guvi.scheduler.CampaignScheduler - [SCHEDULER] Tick at 2026-04-14 17:36:58 — checking for due campaigns...
2026-04-14 17:37:58 [scheduling-1] INFO  c.guvi.scheduler.CampaignScheduler - [SCHEDULER] Tick at 2026-04-14 17:37:58 — checking for due campaigns...
2026-04-14 17:38:58 [scheduling-1] INFO  c.guvi.scheduler.CampaignScheduler - [SCHEDULER] Tick at 2026-04-14 17:38:58 — checking for due campaigns...
2026-04-14 17:39:58 [scheduling-1] INFO  c.guvi.scheduler.CampaignScheduler - [SCHEDULER] Tick at 2026-04-14 17:39:58 — checking for due campaigns...
2026-04-14 17:40:58 [scheduling-1] INFO  c.guvi.scheduler.CampaignScheduler - [SCHEDULER] Tick at 2026-04-14 17:40:58 — checking for due campaigns...
2026-04-14 17:41:58 [scheduling-1] INFO  c.guvi.scheduler.CampaignScheduler - [SCHEDULER] Tick at 2026-04-14 17:41:58 — checking for due campaigns...
2026-04-14 17:42:58 [scheduling-1] INFO  c.guvi.scheduler.CampaignScheduler - [SCHEDULER] Tick at 2026-04-14 17:42:58 — checking for due campaigns...
2026-04-14 17:43:58 [scheduling-1] INFO  c.guvi.scheduler.CampaignScheduler - [SCHEDULER] Tick at 2026-04-14 17:43:58 — checking for due campaigns...
2026-04-14 17:44:58 [scheduling-1] INFO  c.guvi.scheduler.CampaignScheduler - [SCHEDULER] Tick at 2026-04-14 17:44:58 — checking for due campaigns...
2026-04-14 17:45:58 [scheduling-1] INFO  c.guvi.scheduler.CampaignScheduler - [SCHEDULER] Tick at 2026-04-14 17:45:58 — checking for due campaigns...
2026-04-14 17:46:58 [scheduling-1] INFO  c.guvi.scheduler.CampaignScheduler - [SCHEDULER] Tick at 2026-04-14 17:46:58 — checking for due campaigns...
2026-04-14 17:47:58 [scheduling-1] INFO  c.guvi.scheduler.CampaignScheduler - [SCHEDULER] Tick at 2026-04-14 17:47:58 — checking for due campaigns...
2026-04-14 17:48:58 [scheduling-1] INFO  c.guvi.scheduler.CampaignScheduler - [SCHEDULER] Tick at 2026-04-14 17:48:58 — checking for due campaigns...
2026-04-14 17:49:58 [scheduling-1] INFO  c.guvi.scheduler.CampaignScheduler - [SCHEDULER] Tick at 2026-04-14 17:49:58 — checking for due campaigns...
2026-04-14 17:50:58 [scheduling-1] INFO  c.guvi.scheduler.CampaignScheduler - [SCHEDULER] Tick at 2026-04-14 17:50:58 — checking for due campaigns...
2026-04-14 17:51:58 [scheduling-1] INFO  c.guvi.scheduler.CampaignScheduler - [SCHEDULER] Tick at 2026-04-14 17:51:58 — checking for due campaigns...
2026-04-14 17:52:58 [scheduling-1] INFO  c.guvi.scheduler.CampaignScheduler - [SCHEDULER] Tick at 2026-04-14 17:52:58 — checking for due campaigns...
2026-04-14 17:53:58 [scheduling-1] INFO  c.guvi.scheduler.CampaignScheduler - [SCHEDULER] Tick at 2026-04-14 17:53:58 — checking for due campaigns...
2026-04-14 17:54:58 [scheduling-1] INFO  c.guvi.scheduler.CampaignScheduler - [SCHEDULER] Tick at 2026-04-14 17:54:58 — checking for due campaigns...
2026-04-14 17:55:58 [scheduling-1] INFO  c.guvi.scheduler.CampaignScheduler - [SCHEDULER] Tick at 2026-04-14 17:55:58 — checking for due campaigns...
2026-04-14 17:56:58 [scheduling-1] INFO  c.guvi.scheduler.CampaignScheduler - [SCHEDULER] Tick at 2026-04-14 17:56:58 — checking for due campaigns...
2026-04-14 17:57:58 [scheduling-1] INFO  c.guvi.scheduler.CampaignScheduler - [SCHEDULER] Tick at 2026-04-14 17:57:58 — checking for due campaigns...
2026-04-14 17:58:58 [scheduling-1] INFO  c.guvi.scheduler.CampaignScheduler - [SCHEDULER] Tick at 2026-04-14 17:58:58 — checking for due campaigns...
2026-04-14 17:59:59 [scheduling-1] INFO  c.guvi.scheduler.CampaignScheduler - [SCHEDULER] Tick at 2026-04-14 17:59:59 — checking for due campaigns...
2026-04-14 18:00:59 [scheduling-1] INFO  c.guvi.scheduler.CampaignScheduler - [SCHEDULER] Tick at 2026-04-14 18:00:59 — checking for due campaigns...
2026-04-14 18:01:59 [scheduling-1] INFO  c.guvi.scheduler.CampaignScheduler - [SCHEDULER] Tick at 2026-04-14 18:01:59 — checking for due campaigns...
2026-04-14 18:02:59 [scheduling-1] INFO  c.guvi.scheduler.CampaignScheduler - [SCHEDULER] Tick at 2026-04-14 18:02:59 — checking for due campaigns...
2026-04-14 18:03:59 [scheduling-1] INFO  c.guvi.scheduler.CampaignScheduler - [SCHEDULER] Tick at 2026-04-14 18:03:59 — checking for due campaigns...
2026-04-14 18:04:59 [scheduling-1] INFO  c.guvi.scheduler.CampaignScheduler - [SCHEDULER] Tick at 2026-04-14 18:04:59 — checking for due campaigns...
2026-04-14 18:05:59 [scheduling-1] INFO  c.guvi.scheduler.CampaignScheduler - [SCHEDULER] Tick at 2026-04-14 18:05:59 — checking for due campaigns...
2026-04-14 18:06:59 [scheduling-1] INFO  c.guvi.scheduler.CampaignScheduler - [SCHEDULER] Tick at 2026-04-14 18:06:59 — checking for due campaigns...
2026-04-14 18:07:59 [scheduling-1] INFO  c.guvi.scheduler.CampaignScheduler - [SCHEDULER] Tick at 2026-04-14 18:07:59 — checking for due campaigns...
2026-04-14 18:08:59 [scheduling-1] INFO  c.guvi.scheduler.CampaignScheduler - [SCHEDULER] Tick at 2026-04-14 18:08:59 — checking for due campaigns...
2026-04-14 18:09:39 [http-nio-8080-exec-4] INFO  com.guvi.service.CampaignService - [DEBUG TRIGGER] Manually triggering campaign 'Spring Sale Campaign' (ID=1)
2026-04-14 18:09:39 [http-nio-8080-exec-4] WARN  com.guvi.service.EmailService - [MOCK] Campaign 'Spring Sale Campaign' (ID=1) has no subscribers — skipping send.
2026-04-14 18:09:39 [http-nio-8080-exec-4] INFO  com.guvi.service.CampaignService - [SCHEDULER] Campaign 'Spring Sale Campaign' (ID=1) status → SENT
2026-04-14 18:09:59 [scheduling-1] INFO  c.guvi.scheduler.CampaignScheduler - [SCHEDULER] Tick at 2026-04-14 18:09:59 — checking for due campaigns...
2026-04-14 18:10:59 [scheduling-1] INFO  c.guvi.scheduler.CampaignScheduler - [SCHEDULER] Tick at 2026-04-14 18:10:59 — checking for due campaigns...
2026-04-14 18:11:59 [scheduling-1] INFO  c.guvi.scheduler.CampaignScheduler - [SCHEDULER] Tick at 2026-04-14 18:11:59 — checking for due campaigns...
2026-04-14 18:12:59 [scheduling-1] INFO  c.guvi.scheduler.CampaignScheduler - [SCHEDULER] Tick at 2026-04-14 18:12:59 — checking for due campaigns...
2026-04-14 18:13:59 [scheduling-1] INFO  c.guvi.scheduler.CampaignScheduler - [SCHEDULER] Tick at 2026-04-14 18:13:59 — checking for due campaigns...
2026-04-14 18:14:59 [scheduling-1] INFO  c.guvi.scheduler.CampaignScheduler - [SCHEDULER] Tick at 2026-04-14 18:14:59 — checking for due campaigns...
2026-04-14 18:15:59 [scheduling-1] INFO  c.guvi.scheduler.CampaignScheduler - [SCHEDULER] Tick at 2026-04-14 18:15:59 — checking for due campaigns...
2026-04-14 18:16:59 [scheduling-1] INFO  c.guvi.scheduler.CampaignScheduler - [SCHEDULER] Tick at 2026-04-14 18:16:59 — checking for due campaigns...
2026-04-14 18:17:59 [scheduling-1] INFO  c.guvi.scheduler.CampaignScheduler - [SCHEDULER] Tick at 2026-04-14 18:17:59 — checking for due campaigns...
2026-04-14 18:18:59 [scheduling-1] INFO  c.guvi.scheduler.CampaignScheduler - [SCHEDULER] Tick at 2026-04-14 18:18:59 — checking for due campaigns...
2026-04-14 18:18:59 [scheduling-1] INFO  com.guvi.service.CampaignService - [SCHEDULER] Found 1 campaign(s) due for sending.
2026-04-14 18:18:59 [scheduling-1] WARN  com.guvi.service.EmailService - [MOCK] Campaign 'Spring Sale Campaign' (ID=1) has no subscribers — skipping send.
2026-04-14 18:18:59 [scheduling-1] INFO  com.guvi.service.CampaignService - [SCHEDULER] Campaign 'Spring Sale Campaign' (ID=1) status → SENT
2026-04-14 18:19:59 [scheduling-1] INFO  c.guvi.scheduler.CampaignScheduler - [SCHEDULER] Tick at 2026-04-14 18:19:59 — checking for due campaigns...
